0.02,70038
0.02,69911
0.02,69907
0.02,68761
0.02,68117
0.02,67974
0.02,67298
0.02,67020
0.02,66945
0.02,66485
0.02,66270
0.02,65946
0.02,65461
0.02,65034
0.02,64886
0.02,64309
0.03,64291
0.03,63463
0.03,63427
0.03,62535
0.03,62247
0.03,62120
0.03,61294
0.03,61118
0.03,61011
0.03,60824
0.05,60806
0.05,60514
0.05,60009
0.05,59260
0.14,58545
0.14,57958
0.22,56116
0.22,56089
0.22,56031
0.39,55604
0.41,55279
1.59,55117
4.94,55046
4.94,54645
10.64,54637
13.84,54435
14.34,53800
15.95,53703
15.97,53660
