0.02,70038
0.02,70033
0.02,69573
0.02,69568
0.02,69559
0.02,69363
0.03,69213
0.03,69119
0.03,68943
0.03,68895
0.03,68191
0.03,67192
0.03,66675
0.03,66537
0.03,66516
0.03,66422
0.03,66131
0.03,65940
0.05,65908
0.05,65488
0.05,65101
0.05,64722
0.06,63761
0.06,63734
0.06,63502
0.06,63083
0.08,62990
0.09,62613
0.09,61070
0.09,60532
0.09,59959
0.09,59855
0.09,59220
0.12,59128
0.12,58551
0.12,58049
0.12,57975
0.12,57389
0.14,57237
0.23,57185
0.56,56834
0.56,56374
0.77,56326
0.77,56106
0.92,55533
0.92,55429
0.92,55171
0.92,55016
0.94,54533
9.59,53500
