0.02,2109663
0.03,2109448
0.03,2103929
0.03,2100590
0.03,2098593
0.03,2049627
0.03,2044353
0.03,2027785
0.03,2026032
0.03,2018690
0.03,2015388
0.03,2009873
0.03,1911938
0.05,1911557
0.05,1901865
0.06,1893900
0.06,1892730
0.06,1881939
0.09,1832922
0.09,1818625
0.09,1814719
0.11,1813429
0.27,1804334
0.50,1792600
0.50,1789374
0.50,1788927
0.50,1776842
0.52,1770326
0.52,1767514
0.52,1763608
1.05,1762386
1.05,1755870
1.05,1750106
1.05,1741613
1.27,1725871
2.78,1710374
3.31,1704667
3.31,1701191
3.73,1700596
7.36,1680058
7.38,1678135
