0.03,2150563
0.03,2145939
0.03,2128868
0.03,2124983
0.03,2117514
0.03,2110873
0.03,2092332
0.05,2075113
0.05,2057511
0.05,2050806
0.05,2050524
0.06,2043392
0.06,2041384
0.06,2040095
0.08,2037388
0.09,1994677
0.09,1991623
0.09,1991379
0.11,1919973
0.11,1913259
0.11,1910390
0.11,1902921
0.12,1902795
0.12,1893749
0.12,1888337
0.12,1796650
0.12,1790103
0.12,1786660
0.12,1785247
0.14,1782229
0.14,1770144
0.23,1769625
0.23,1765956
0.23,1743237
0.23,1741450
0.25,1729992
0.72,1722839
1.17,1720085
1.17,1703426
1.17,1687274
5.53,1652727
8.72,1649586
8.73,1647495
