0.00,1817183
0.00,1807497
0.00,1806812
0.00,1778758
0.00,1762571
0.00,1756838
0.00,1753345
0.00,1750536
0.00,1749590
0.00,1739513
0.00,1735752
0.00,1735111
0.00,1725423
0.00,1702397
0.00,1699133
0.00,1683179
0.00,1666073
0.00,1657555
0.00,1653149
0.00,1603061
0.00,1595734
0.00,1570393
0.00,1561973
0.00,1547789
0.00,1518394
0.00,1517654
0.03,1463018
0.06,1457265
0.06,1455404
0.06,1448373
0.06,1442755
0.06,1436121
0.06,1435903
0.20,1426433
0.20,1418899
0.47,1409157
0.47,1405065
3.09,1403603
3.09,1402817
4.05,1401653
4.05,1400517
8.05,1400046
9.41,1398999
15.27,1397117
