0.08,1419420
0.08,1416078
0.08,1415685
0.09,1415322
0.09,1414506
0.09,1408672
0.09,1408496
0.11,1407317
0.11,1406429
0.11,1405530
0.12,1400353
0.12,1400048
0.14,1398867
0.14,1397979
0.14,1397919
0.14,1397862
0.22,1390805
0.23,1345167
0.23,1342520
0.23,1342301
0.25,1342039
0.25,1329568
0.25,1329000
0.27,1328926
0.28,1325946
0.28,1324729
0.28,1323965
0.28,1323536
0.28,1322609
0.28,1322587
0.28,1322432
0.30,1321734
0.30,1310960
0.36,1310588
0.67,1309500
0.67,1309345
0.92,1299241
0.92,1298624
0.94,1297818
0.95,1296189
0.95,1291459
0.95,1290823
1.11,1285194
1.11,1259768
1.12,1259531
1.12,1259371
1.12,1259349
1.12,1259094
1.78,1243512
1.78,1243370
1.80,1241245
1.81,1240829
1.81,1240023
2.59,1231956
2.59,1227226
2.61,1227005
2.61,1226804
2.67,1218835
2.67,1218243
2.69,1217890
8.73,1212413
8.73,1211525
