0.00,171208
0.00,170998
0.00,170364
0.00,170247
0.00,170030
0.00,169253
0.02,168640
0.02,167352
0.03,167176
0.03,166139
0.03,165101
0.03,164709
0.14,164691
0.14,164507
0.14,162725
0.16,162205
0.16,162084
0.16,162078
0.31,160192
0.31,159448
0.36,159364
0.36,159282
0.36,159234
0.38,158207
0.38,157079
0.38,157044
0.41,155948
0.41,155526
0.42,155342
0.42,153340
0.42,153090
0.58,152294
1.78,152195
1.80,151957
1.88,151700
1.88,151031
1.89,150884
1.89,149438
1.89,149264
1.89,148489
13.59,148232
13.59,147767
